<?xml version="1.0" encoding="UTF-8"?>
<!-- Generated by org.testng.reporters.JUnitXMLReporter -->
<testsuite ignored="8" hostname="MariaBegum" failures="0" tests="1" name="Default test" time="146.558" errors="0" timestamp="2024-10-22T12:55:00 EDT">
  <testcase classname="pagesTest.HomePageTest" name="fillUpAplicationClickSubmitbuttonTest" time="140.197"/>
  <testcase classname="pagesTest.HomePageTest" name="lastNameValidationTest" time="0.0">
    <ignored/>
  </testcase> <!-- lastNameValidationTest -->
  <testcase classname="pagesTest.HomePageTest" name="clickAutomation" time="0.0">
    <ignored/>
  </testcase> <!-- clickAutomation -->
  <testcase classname="pagesTest.HomePageTest" name="personalImageAndphotoIdValidation" time="0.0">
    <ignored/>
  </testcase> <!-- personalImageAndphotoIdValidation -->
  <testcase classname="pagesTest.HomePageTest" name="clicLoginButtonTest" time="0.0">
    <ignored/>
  </testcase> <!-- clicLoginButtonTest -->
  <testcase classname="pagesTest.HomePageTest" name="clickLNameTest" time="0.0">
    <ignored/>
  </testcase> <!-- clickLNameTest -->
  <testcase classname="pagesTest.HomePageTest" name="firstNameValidation" time="0.0">
    <ignored/>
  </testcase> <!-- firstNameValidation -->
  <testcase classname="pagesTest.HomePageTest" name="SendKeysPasswordTest" time="0.0">
    <ignored/>
  </testcase> <!-- SendKeysPasswordTest -->
  <testcase classname="pagesTest.HomePageTest" name="enrollNowTest" time="0.0">
    <ignored/>
  </testcase> <!-- enrollNowTest -->
</testsuite> <!-- Default test -->
