<?xml version="1.0" encoding="UTF-8"?>
<!-- Generated by org.testng.reporters.JUnitXMLReporter -->
<testsuite ignored="0" hostname="MariaBegum" failures="0" tests="1" name="ChromeTest" time="0.274" errors="0" timestamp="2024-10-22T13:14:02 EDT">
  <testcase classname="baseUtil.BaseClass" name="@BeforeMethod initialTest" time="0.012">
    <failure type="java.lang.NullPointerException">
      <![CDATA[java.lang.NullPointerException
at reports.TestManager.createTest(TestManager.java:14)
at baseUtil.BaseClass.initialTest(BaseClass.java:44)
at java.base/java.util.ArrayList.forEach(ArrayList.java:1541)
... Removed 31 stack frames]]>
    </failure>
  </testcase> <!-- @BeforeMethod initialTest -->
  <testcase classname="baseUtil.BaseClass" name="@BeforeMethod setUp" time="0.0">
    <skipped/>
  </testcase> <!-- @BeforeMethod setUp -->
  <testcase classname="baseUtil.BaseClass" name="@AfterMethod afterEachTest" time="0.0">
    <skipped/>
  </testcase> <!-- @AfterMethod afterEachTest -->
  <testcase classname="baseUtil.BaseClass" name="@AfterMethod tearUp" time="0.0">
    <skipped/>
  </testcase> <!-- @AfterMethod tearUp -->
  <testcase classname="pagesTest.HomePageTest" name="enrollNowTest" time="0.0">
    <skipped/>
  </testcase> <!-- enrollNowTest -->
</testsuite> <!-- ChromeTest -->
